<?xml version="1.0" encoding="UTF-8"?>
<!-- Generated by org.testng.reporters.JUnitReportReporter -->
<testsuite hostname="LAPTOP-DFFROJGO" failures="0" tests="1" name="third.Hook" time="31.543" errors="0" timestamp="2023-06-16T20:57:38 IST" skipped="0">
  <testcase classname="third.Hook" name="runScenario" time="31.543"/>
  <system-out/>
</testsuite> <!-- third.Hook -->
