<?xml version="1.0" encoding="UTF-8"?>
<!-- Generated by org.testng.reporters.JUnitReportReporter -->
<testsuite hostname="LAPTOP-DFFROJGO" failures="0" tests="1" name="god.god.Ja" time="13.338" errors="0" timestamp="2023-06-11T14:11:55 IST" skipped="0">
  <testcase classname="god.god.Ja" name="a" time="13.338"/>
  <system-out/>
</testsuite> <!-- god.god.Ja -->
