<?xml version="1.0" encoding="UTF-8"?>
<!-- Generated by org.testng.reporters.JUnitReportReporter -->
<testsuite hostname="LAPTOP-DFFROJGO" failures="0" tests="1" name="god.god.AppTest" time="22.273" errors="0" timestamp="2023-05-28T13:03:16 IST" skipped="0">
  <testcase classname="god.god.AppTest" name="kk" time="22.273"/>
  <system-out/>
</testsuite> <!-- god.god.AppTest -->
