<?xml version="1.0" encoding="UTF-8"?>
<!-- Generated by org.testng.reporters.JUnitReportReporter -->
<testsuite hostname="LAPTOP-DFFROJGO" failures="0" tests="1" name="god.god.CreateLead" time="0.000" errors="0" timestamp="2023-04-09T22:39:08 IST" skipped="1">
  <testcase classname="god.god.CreateLead" name="createLead" time="0.000">
    <skipped/>
  </testcase> <!-- createLead -->
  <system-out/>
</testsuite> <!-- god.god.CreateLead -->
