<?xml version="1.0" encoding="UTF-8"?>
<!-- Generated by org.testng.reporters.JUnitReportReporter -->
<testsuite hostname="LAPTOP-DFFROJGO" failures="0" tests="2" name="welcome3.Right" time="50.045" errors="0" timestamp="2023-04-07T16:11:38 IST" skipped="0">
  <testcase classname="welcome3.Right" name="runScenario" time="27.322"/>
  <system-out/>
  <testcase classname="welcome3.Right" name="runScenario" time="22.723"/>
  <system-out/>
</testsuite> <!-- welcome3.Right -->
