<?xml version="1.0" encoding="UTF-8"?>
<!-- Generated by org.testng.reporters.JUnitReportReporter -->
<testsuite hostname="LAPTOP-DFFROJGO" failures="0" tests="3" name="LearnGroups1" time="0.033" errors="0" timestamp="2023-05-30T20:44:26 IST" skipped="0">
  <testcase classname="LearnGroups1" name="test2" time="0.005"/>
  <system-out/>
  <testcase classname="LearnGroups1" name="test3" time="0.016"/>
  <system-out/>
  <testcase classname="LearnGroups1" name="test1" time="0.012"/>
  <system-out/>
</testsuite> <!-- LearnGroups1 -->
