<?xml version="1.0" encoding="UTF-8"?>
<!-- Generated by org.testng.reporters.JUnitReportReporter -->
<testsuite hostname="LAPTOP-DFFROJGO" failures="0" tests="3" name="god.god.Learngroup2" time="0.049" errors="0" timestamp="2023-07-05T20:13:01 IST" skipped="0">
  <testcase classname="god.god.Learngroup2" name="test3" time="0.005"/>
  <system-out/>
  <testcase classname="god.god.Learngroup2" name="test2" time="0.041"/>
  <system-out/>
  <testcase classname="god.god.Learngroup2" name="test4" time="0.003"/>
  <system-out/>
</testsuite> <!-- god.god.Learngroup2 -->
