<?xml version="1.0" encoding="UTF-8"?>
<!-- Generated by org.testng.reporters.JUnitReportReporter -->
<testsuite hostname="LAPTOP-DFFROJGO" failures="0" tests="3" name="god.god.learngroup3" time="0.030" errors="0" timestamp="2023-05-30T22:21:58 IST" skipped="0">
  <testcase classname="god.god.learngroup3" name="test2" time="0.006"/>
  <system-out/>
  <testcase classname="god.god.learngroup3" name="test1" time="0.021"/>
  <system-out/>
  <testcase classname="god.god.learngroup3" name="test3" time="0.003"/>
  <system-out/>
</testsuite> <!-- god.god.learngroup3 -->
