<?xml version="1.0" encoding="UTF-8"?>
<!-- Generated by org.testng.reporters.JUnitReportReporter -->
<testsuite hostname="LAPTOP-DFFROJGO" failures="0" tests="2" name="god.god.Childclass" time="46.195" errors="0" timestamp="2023-04-04T11:16:20 IST" skipped="0">
  <testcase classname="god.god.Childclass" name="createlead" time="20.901"/>
  <system-out/>
  <testcase classname="god.god.Childclass" name="createlead" time="25.294"/>
  <system-out/>
</testsuite> <!-- god.god.Childclass -->
