<?xml version="1.0" encoding="UTF-8"?>
<!-- Generated by org.testng.reporters.JUnitReportReporter -->
<testsuite hostname="LAPTOP-DFFROJGO" failures="0" tests="1" name="runner.CucumberRunner" time="0.000" errors="0" timestamp="2023-04-07T22:10:56 IST" skipped="1">
  <testcase classname="runner.CucumberRunner" name="runScenario" time="0.000">
    <skipped/>
  </testcase> <!-- runScenario -->
  <system-out/>
</testsuite> <!-- runner.CucumberRunner -->
