<?xml version="1.0" encoding="UTF-8"?>
<!-- Generated by org.testng.reporters.JUnitReportReporter -->
<testsuite hostname="LAPTOP-DFFROJGO" failures="0" tests="1" name="third.Thirdtrial" time="75.283" errors="0" timestamp="2023-06-16T20:45:14 IST" skipped="0">
  <testcase classname="third.Thirdtrial" name="runScenario" time="75.283"/>
  <system-out/>
</testsuite> <!-- third.Thirdtrial -->
