<?xml version="1.0" encoding="UTF-8"?>
<!-- Generated by org.testng.reporters.JUnitReportReporter -->
<testsuite hostname="LAPTOP-DFFROJGO" failures="0" tests="2" name="god.god.Execel" time="96.592" errors="0" timestamp="2023-04-04T16:47:24 IST" skipped="0">
  <testcase classname="god.god.Execel" name="createlead" time="73.180"/>
  <system-out/>
  <testcase classname="god.god.Execel" name="createlead" time="23.412"/>
  <system-out/>
</testsuite> <!-- god.god.Execel -->
