<?xml version="1.0" encoding="UTF-8"?>
<!-- Generated by org.testng.reporters.JUnitReportReporter -->
<testsuite hostname="LAPTOP-DFFROJGO" failures="0" tests="1" name="god.god.Learnattribute" time="10.874" errors="0" timestamp="2023-04-03T14:05:54 IST" skipped="0">
  <testcase classname="god.god.Learnattribute" name="createlead" time="10.874"/>
  <system-out/>
</testsuite> <!-- god.god.Learnattribute -->
