<?xml version="1.0" encoding="UTF-8"?>
<!-- Generated by org.testng.reporters.JUnitReportReporter -->
<testsuite hostname="LAPTOP-DFFROJGO" failures="0" tests="1" name="god.god.Baseclass" time="13.505" errors="0" timestamp="2023-05-30T19:56:02 IST" skipped="0">
  <testcase classname="god.god.Baseclass" name="precondition" time="13.505"/>
  <system-out/>
</testsuite> <!-- god.god.Baseclass -->
